<?xml version="1.0" encoding="UTF-8"?>
<!-- Generated by org.testng.reporters.JUnitXMLReporter -->
<testsuite ignored="0" hostname="Amit" failures="1" tests="1" name="Default test" time="9.902" errors="0" timestamp="2024-06-07T16:17:32 IST">
  <testcase classname="io.cucumber.testng.AbstractTestNGCucumberTests" name="runScenario" time="9.625">
    <failure type="java.lang.AssertionError" message="expected [Tomato] but found [null]">
      <![CDATA[java.lang.AssertionError: expected [Tomato] but found [null]
at org.testng.Assert.fail(Assert.java:111)
at org.testng.Assert.failNotEquals(Assert.java:1578)
at org.testng.Assert.assertEqualsImpl(Assert.java:150)
at org.testng.Assert.assertEquals(Assert.java:132)
at org.testng.Assert.assertEquals(Assert.java:656)
at org.testng.Assert.assertEquals(Assert.java:666)
at StepDefinitions.OfferPagestepdef.Verify_both_item_name_is_same(OfferPagestepdef.java:42)
at âœ½.Verify both item name is same(file:///C:/Users/Amit%20Kumar/eclipse-workspace/CucumnerFWMe/src/test/java/features/Feature1.feature:9)
]]>
    </failure>
  </testcase> <!-- runScenario -->
</testsuite> <!-- Default test -->
